<?xml version="1.0" encoding="UTF-8"?>
<!-- Generated by org.testng.reporters.JUnitXMLReporter -->
<testsuite ignored="0" hostname="Patel" failures="0" tests="16" name="Free CRM AppTest Cases" time="271.596" errors="0" timestamp="26 Apr. 2023 18:30:51 GMT">
  <testcase classname="com.crm.qa.testcases.ContactsPageTest" name="verifyContactsLable" time="0.068"/>
  <testcase classname="com.crm.qa.testcases.HomePageTest" name="VerifyHomePageTitle" time="0.01"/>
  <testcase classname="com.crm.qa.testcases.LoginPageTest" name="loginPageTitleTest" time="0.012"/>
  <testcase classname="com.crm.qa.testcases.ContactsPageTest" name="selectSingleContactsTest" time="0.238"/>
  <testcase classname="com.crm.qa.testcases.HomePageTest" name="VerifyUserNameTest" time="0.068"/>
  <testcase classname="com.crm.qa.testcases.LoginPageTest" name="CrmLogoImageTest" time="0.088"/>
  <testcase classname="com.crm.qa.testcases.ContactsPageTest" name="selectMultipleContactsTest" time="0.7"/>
  <testcase classname="com.crm.qa.testcases.HomePageTest" name="VerifyContactsLinkTest" time="1.327"/>
  <testcase classname="com.crm.qa.testcases.LoginPageTest" name="loginTest" time="9.895"/>
  <testcase classname="com.crm.qa.testcases.ContactsPageTest" name="validateCreateNewContact" time="4.457"/>
  <testcase classname="com.crm.qa.testcases.ContactsPageTest" name="validateCreateNewContact" time="4.102"/>
  <testcase classname="com.crm.qa.testcases.ContactsPageTest" name="validateCreateNewContact" time="4.072"/>
  <testcase classname="com.crm.qa.testcases.HomePageTest" name="VerifyDealsLinkTest" time="1.395"/>
  <testcase classname="com.crm.qa.testcases.LoginPageTest" name="signUpButtonTest" time="0.107"/>
  <testcase classname="com.crm.qa.testcases.HomePageTest" name="VerifyTasksLinkTest" time="1.315"/>
  <testcase classname="com.crm.qa.testcases.LoginPageTest" name="PriceButtonTest" time="0.085"/>
</testsuite> <!-- Free CRM AppTest Cases -->
