<?xml version="1.0" encoding="UTF-8"?>
<testng-results ignored="0" total="16" passed="16" failed="0" skipped="0">
  <reporter-output>
  </reporter-output>
  <suite started-at="2023-04-26T18:26:20Z" name="FREE CRM APPLICATION TEST AUTOMATION TEST SUITE" finished-at="2023-04-26T18:30:51Z" duration-ms="271596">
    <groups>
    </groups>
    <test started-at="2023-04-26T18:26:20Z" name="Free CRM AppTest Cases" finished-at="2023-04-26T18:30:51Z" duration-ms="271596">
      <class name="com.crm.qa.testcases.HomePageTest">
        <test-method is-config="true" signature="setUp()[pri:0, instance:com.crm.qa.testcases.HomePageTest@561b6512]" started-at="2023-04-26T14:26:40Z" name="setUp" finished-at="2023-04-26T14:26:56Z" duration-ms="15686" status="PASS">
          <reporter-output>
          </reporter-output>
        </test-method> <!-- setUp -->
        <test-method signature="VerifyHomePageTitle()[pri:1, instance:com.crm.qa.testcases.HomePageTest@561b6512]" started-at="2023-04-26T14:26:56Z" name="VerifyHomePageTitle" finished-at="2023-04-26T14:26:56Z" duration-ms="10" status="PASS">
          <reporter-output>
          </reporter-output>
        </test-method> <!-- VerifyHomePageTitle -->
        <test-method is-config="true" signature="tearDown()[pri:0, instance:com.crm.qa.testcases.HomePageTest@561b6512]" started-at="2023-04-26T14:26:56Z" name="tearDown" finished-at="2023-04-26T14:26:57Z" duration-ms="941" status="PASS">
          <reporter-output>
          </reporter-output>
        </test-method> <!-- tearDown -->
        <test-method is-config="true" signature="setUp()[pri:0, instance:com.crm.qa.testcases.HomePageTest@561b6512]" started-at="2023-04-26T14:27:22Z" name="setUp" finished-at="2023-04-26T14:27:38Z" duration-ms="16360" status="PASS">
          <reporter-output>
          </reporter-output>
        </test-method> <!-- setUp -->
        <test-method signature="VerifyUserNameTest()[pri:2, instance:com.crm.qa.testcases.HomePageTest@561b6512]" started-at="2023-04-26T14:27:38Z" name="VerifyUserNameTest" finished-at="2023-04-26T14:27:38Z" duration-ms="68" status="PASS">
          <reporter-output>
          </reporter-output>
        </test-method> <!-- VerifyUserNameTest -->
        <test-method is-config="true" signature="tearDown()[pri:0, instance:com.crm.qa.testcases.HomePageTest@561b6512]" started-at="2023-04-26T14:27:38Z" name="tearDown" finished-at="2023-04-26T14:27:40Z" duration-ms="1348" status="PASS">
          <reporter-output>
          </reporter-output>
        </test-method> <!-- tearDown -->
        <test-method is-config="true" signature="setUp()[pri:0, instance:com.crm.qa.testcases.HomePageTest@561b6512]" started-at="2023-04-26T14:28:07Z" name="setUp" finished-at="2023-04-26T14:28:23Z" duration-ms="16453" status="PASS">
          <reporter-output>
          </reporter-output>
        </test-method> <!-- setUp -->
        <test-method signature="VerifyContactsLinkTest()[pri:3, instance:com.crm.qa.testcases.HomePageTest@561b6512]" started-at="2023-04-26T14:28:23Z" name="VerifyContactsLinkTest" finished-at="2023-04-26T14:28:25Z" duration-ms="1327" status="PASS">
          <reporter-output>
          </reporter-output>
        </test-method> <!-- VerifyContactsLinkTest -->
        <test-method is-config="true" signature="tearDown()[pri:0, instance:com.crm.qa.testcases.HomePageTest@561b6512]" started-at="2023-04-26T14:28:25Z" name="tearDown" finished-at="2023-04-26T14:28:26Z" duration-ms="1264" status="PASS">
          <reporter-output>
          </reporter-output>
        </test-method> <!-- tearDown -->
        <test-method is-config="true" signature="setUp()[pri:0, instance:com.crm.qa.testcases.HomePageTest@561b6512]" started-at="2023-04-26T14:29:55Z" name="setUp" finished-at="2023-04-26T14:30:12Z" duration-ms="16884" status="PASS">
          <reporter-output>
          </reporter-output>
        </test-method> <!-- setUp -->
        <test-method signature="VerifyDealsLinkTest()[pri:4, instance:com.crm.qa.testcases.HomePageTest@561b6512]" started-at="2023-04-26T14:30:12Z" name="VerifyDealsLinkTest" finished-at="2023-04-26T14:30:13Z" duration-ms="1395" status="PASS">
          <reporter-output>
          </reporter-output>
        </test-method> <!-- VerifyDealsLinkTest -->
        <test-method is-config="true" signature="tearDown()[pri:0, instance:com.crm.qa.testcases.HomePageTest@561b6512]" started-at="2023-04-26T14:30:13Z" name="tearDown" finished-at="2023-04-26T14:30:15Z" duration-ms="1399" status="PASS">
          <reporter-output>
          </reporter-output>
        </test-method> <!-- tearDown -->
        <test-method is-config="true" signature="setUp()[pri:0, instance:com.crm.qa.testcases.HomePageTest@561b6512]" started-at="2023-04-26T14:30:23Z" name="setUp" finished-at="2023-04-26T14:30:40Z" duration-ms="16684" status="PASS">
          <reporter-output>
          </reporter-output>
        </test-method> <!-- setUp -->
        <test-method signature="VerifyTasksLinkTest()[pri:5, instance:com.crm.qa.testcases.HomePageTest@561b6512]" started-at="2023-04-26T14:30:40Z" name="VerifyTasksLinkTest" finished-at="2023-04-26T14:30:41Z" duration-ms="1315" status="PASS">
          <reporter-output>
          </reporter-output>
        </test-method> <!-- VerifyTasksLinkTest -->
        <test-method is-config="true" signature="tearDown()[pri:0, instance:com.crm.qa.testcases.HomePageTest@561b6512]" started-at="2023-04-26T14:30:41Z" name="tearDown" finished-at="2023-04-26T14:30:42Z" duration-ms="1416" status="PASS">
          <reporter-output>
          </reporter-output>
        </test-method> <!-- tearDown -->
      </class> <!-- com.crm.qa.testcases.HomePageTest -->
      <class name="com.crm.qa.testcases.ContactsPageTest">
        <test-method is-config="true" signature="setUp()[pri:0, instance:com.crm.qa.testcases.ContactsPageTest@7494f96a]" started-at="2023-04-26T14:26:20Z" name="setUp" finished-at="2023-04-26T14:26:39Z" duration-ms="19261" status="PASS">
          <reporter-output>
          </reporter-output>
        </test-method> <!-- setUp -->
        <test-method signature="verifyContactsLable()[pri:1, instance:com.crm.qa.testcases.ContactsPageTest@7494f96a]" started-at="2023-04-26T14:26:39Z" name="verifyContactsLable" finished-at="2023-04-26T14:26:39Z" duration-ms="68" status="PASS">
          <reporter-output>
          </reporter-output>
        </test-method> <!-- verifyContactsLable -->
        <test-method is-config="true" signature="tearDown()[pri:0, instance:com.crm.qa.testcases.ContactsPageTest@7494f96a]" started-at="2023-04-26T14:26:39Z" name="tearDown" finished-at="2023-04-26T14:26:40Z" duration-ms="1081" status="PASS">
          <reporter-output>
          </reporter-output>
        </test-method> <!-- tearDown -->
        <test-method is-config="true" signature="setUp()[pri:0, instance:com.crm.qa.testcases.ContactsPageTest@7494f96a]" started-at="2023-04-26T14:27:03Z" name="setUp" finished-at="2023-04-26T14:27:20Z" duration-ms="16996" status="PASS">
          <reporter-output>
          </reporter-output>
        </test-method> <!-- setUp -->
        <test-method signature="selectSingleContactsTest()[pri:2, instance:com.crm.qa.testcases.ContactsPageTest@7494f96a]" started-at="2023-04-26T14:27:20Z" name="selectSingleContactsTest" finished-at="2023-04-26T14:27:21Z" duration-ms="238" status="PASS">
          <reporter-output>
          </reporter-output>
        </test-method> <!-- selectSingleContactsTest -->
        <test-method is-config="true" signature="tearDown()[pri:0, instance:com.crm.qa.testcases.ContactsPageTest@7494f96a]" started-at="2023-04-26T14:27:21Z" name="tearDown" finished-at="2023-04-26T14:27:22Z" duration-ms="1217" status="PASS">
          <reporter-output>
          </reporter-output>
        </test-method> <!-- tearDown -->
        <test-method is-config="true" signature="setUp()[pri:0, instance:com.crm.qa.testcases.ContactsPageTest@7494f96a]" started-at="2023-04-26T14:27:47Z" name="setUp" finished-at="2023-04-26T14:28:05Z" duration-ms="17575" status="PASS">
          <reporter-output>
          </reporter-output>
        </test-method> <!-- setUp -->
        <test-method signature="selectMultipleContactsTest()[pri:3, instance:com.crm.qa.testcases.ContactsPageTest@7494f96a]" started-at="2023-04-26T14:28:05Z" name="selectMultipleContactsTest" finished-at="2023-04-26T14:28:06Z" duration-ms="700" status="PASS">
          <reporter-output>
          </reporter-output>
        </test-method> <!-- selectMultipleContactsTest -->
        <test-method is-config="true" signature="tearDown()[pri:0, instance:com.crm.qa.testcases.ContactsPageTest@7494f96a]" started-at="2023-04-26T14:28:06Z" name="tearDown" finished-at="2023-04-26T14:28:07Z" duration-ms="1237" status="PASS">
          <reporter-output>
          </reporter-output>
        </test-method> <!-- tearDown -->
        <test-method is-config="true" signature="setUp()[pri:0, instance:com.crm.qa.testcases.ContactsPageTest@7494f96a]" started-at="2023-04-26T14:28:45Z" name="setUp" finished-at="2023-04-26T14:29:02Z" duration-ms="17708" status="PASS">
          <reporter-output>
          </reporter-output>
        </test-method> <!-- setUp -->
        <test-method signature="validateCreateNewContact(java.lang.String, java.lang.String, java.lang.String, java.lang.String)[pri:4, instance:com.crm.qa.testcases.ContactsPageTest@7494f96a]" started-at="2023-04-26T14:29:02Z" name="validateCreateNewContact" data-provider="getCRMTestData" finished-at="2023-04-26T14:29:07Z" duration-ms="4457" status="PASS">
          <params>
            <param index="0">
              <value>
                <![CDATA[Sir]]>
              </value>
            </param>
            <param index="1">
              <value>
                <![CDATA[Ravi]]>
              </value>
            </param>
            <param index="2">
              <value>
                <![CDATA[Jadeja]]>
              </value>
            </param>
            <param index="3">
              <value>
                <![CDATA[CSK]]>
              </value>
            </param>
          </params>
          <reporter-output>
          </reporter-output>
        </test-method> <!-- validateCreateNewContact -->
        <test-method is-config="true" signature="tearDown()[pri:0, instance:com.crm.qa.testcases.ContactsPageTest@7494f96a]" started-at="2023-04-26T14:29:07Z" name="tearDown" finished-at="2023-04-26T14:29:08Z" duration-ms="1323" status="PASS">
          <reporter-output>
          </reporter-output>
        </test-method> <!-- tearDown -->
        <test-method is-config="true" signature="setUp()[pri:0, instance:com.crm.qa.testcases.ContactsPageTest@7494f96a]" started-at="2023-04-26T14:29:08Z" name="setUp" finished-at="2023-04-26T14:29:26Z" duration-ms="17824" status="PASS">
          <reporter-output>
          </reporter-output>
        </test-method> <!-- setUp -->
        <test-method signature="validateCreateNewContact(java.lang.String, java.lang.String, java.lang.String, java.lang.String)[pri:4, instance:com.crm.qa.testcases.ContactsPageTest@7494f96a]" started-at="2023-04-26T14:29:26Z" name="validateCreateNewContact" data-provider="getCRMTestData" finished-at="2023-04-26T14:29:30Z" duration-ms="4102" status="PASS">
          <params>
            <param index="0">
              <value>
                <![CDATA[Prof.]]>
              </value>
            </param>
            <param index="1">
              <value>
                <![CDATA[Trent]]>
              </value>
            </param>
            <param index="2">
              <value>
                <![CDATA[Bolt]]>
              </value>
            </param>
            <param index="3">
              <value>
                <![CDATA[RR]]>
              </value>
            </param>
          </params>
          <reporter-output>
          </reporter-output>
        </test-method> <!-- validateCreateNewContact -->
        <test-method is-config="true" signature="tearDown()[pri:0, instance:com.crm.qa.testcases.ContactsPageTest@7494f96a]" started-at="2023-04-26T14:29:30Z" name="tearDown" finished-at="2023-04-26T14:29:31Z" duration-ms="1438" status="PASS">
          <reporter-output>
          </reporter-output>
        </test-method> <!-- tearDown -->
        <test-method is-config="true" signature="setUp()[pri:0, instance:com.crm.qa.testcases.ContactsPageTest@7494f96a]" started-at="2023-04-26T14:29:31Z" name="setUp" finished-at="2023-04-26T14:29:49Z" duration-ms="17718" status="PASS">
          <reporter-output>
          </reporter-output>
        </test-method> <!-- setUp -->
        <test-method signature="validateCreateNewContact(java.lang.String, java.lang.String, java.lang.String, java.lang.String)[pri:4, instance:com.crm.qa.testcases.ContactsPageTest@7494f96a]" started-at="2023-04-26T14:29:49Z" name="validateCreateNewContact" data-provider="getCRMTestData" finished-at="2023-04-26T14:29:53Z" duration-ms="4072" status="PASS">
          <params>
            <param index="0">
              <value>
                <![CDATA[Mr.]]>
              </value>
            </param>
            <param index="1">
              <value>
                <![CDATA[Hardik]]>
              </value>
            </param>
            <param index="2">
              <value>
                <![CDATA[Pandya]]>
              </value>
            </param>
            <param index="3">
              <value>
                <![CDATA[GT]]>
              </value>
            </param>
          </params>
          <reporter-output>
          </reporter-output>
        </test-method> <!-- validateCreateNewContact -->
        <test-method is-config="true" signature="tearDown()[pri:0, instance:com.crm.qa.testcases.ContactsPageTest@7494f96a]" started-at="2023-04-26T14:29:53Z" name="tearDown" finished-at="2023-04-26T14:29:55Z" duration-ms="1829" status="PASS">
          <reporter-output>
          </reporter-output>
        </test-method> <!-- tearDown -->
      </class> <!-- com.crm.qa.testcases.ContactsPageTest -->
      <class name="com.crm.qa.testcases.LoginPageTest">
        <test-method is-config="true" signature="setUp()[pri:0, instance:com.crm.qa.testcases.LoginPageTest@2e377400]" started-at="2023-04-26T14:26:57Z" name="setUp" finished-at="2023-04-26T14:27:02Z" duration-ms="5648" status="PASS">
          <reporter-output>
          </reporter-output>
        </test-method> <!-- setUp -->
        <test-method signature="loginPageTitleTest()[pri:1, instance:com.crm.qa.testcases.LoginPageTest@2e377400]" started-at="2023-04-26T14:27:02Z" name="loginPageTitleTest" finished-at="2023-04-26T14:27:02Z" duration-ms="12" status="PASS">
          <reporter-output>
          </reporter-output>
        </test-method> <!-- loginPageTitleTest -->
        <test-method is-config="true" signature="tearDown()[pri:0, instance:com.crm.qa.testcases.LoginPageTest@2e377400]" started-at="2023-04-26T14:27:02Z" name="tearDown" finished-at="2023-04-26T14:27:03Z" duration-ms="992" status="PASS">
          <reporter-output>
          </reporter-output>
        </test-method> <!-- tearDown -->
        <test-method is-config="true" signature="setUp()[pri:0, instance:com.crm.qa.testcases.LoginPageTest@2e377400]" started-at="2023-04-26T14:27:40Z" name="setUp" finished-at="2023-04-26T14:27:46Z" duration-ms="6226" status="PASS">
          <reporter-output>
          </reporter-output>
        </test-method> <!-- setUp -->
        <test-method signature="CrmLogoImageTest()[pri:2, instance:com.crm.qa.testcases.LoginPageTest@2e377400]" started-at="2023-04-26T14:27:46Z" name="CrmLogoImageTest" finished-at="2023-04-26T14:27:46Z" duration-ms="88" status="PASS">
          <reporter-output>
          </reporter-output>
        </test-method> <!-- CrmLogoImageTest -->
        <test-method is-config="true" signature="tearDown()[pri:0, instance:com.crm.qa.testcases.LoginPageTest@2e377400]" started-at="2023-04-26T14:27:46Z" name="tearDown" finished-at="2023-04-26T14:27:47Z" duration-ms="1394" status="PASS">
          <reporter-output>
          </reporter-output>
        </test-method> <!-- tearDown -->
        <test-method is-config="true" signature="setUp()[pri:0, instance:com.crm.qa.testcases.LoginPageTest@2e377400]" started-at="2023-04-26T14:28:26Z" name="setUp" finished-at="2023-04-26T14:28:32Z" duration-ms="6515" status="PASS">
          <reporter-output>
          </reporter-output>
        </test-method> <!-- setUp -->
        <test-method signature="loginTest()[pri:3, instance:com.crm.qa.testcases.LoginPageTest@2e377400]" started-at="2023-04-26T14:28:32Z" name="loginTest" finished-at="2023-04-26T14:28:42Z" duration-ms="9895" status="PASS">
          <reporter-output>
          </reporter-output>
        </test-method> <!-- loginTest -->
        <test-method is-config="true" signature="tearDown()[pri:0, instance:com.crm.qa.testcases.LoginPageTest@2e377400]" started-at="2023-04-26T14:28:42Z" name="tearDown" finished-at="2023-04-26T14:28:44Z" duration-ms="1285" status="PASS">
          <reporter-output>
          </reporter-output>
        </test-method> <!-- tearDown -->
        <test-method is-config="true" signature="setUp()[pri:0, instance:com.crm.qa.testcases.LoginPageTest@2e377400]" started-at="2023-04-26T14:30:15Z" name="setUp" finished-at="2023-04-26T14:30:21Z" duration-ms="6701" status="PASS">
          <reporter-output>
          </reporter-output>
        </test-method> <!-- setUp -->
        <test-method signature="signUpButtonTest()[pri:4, instance:com.crm.qa.testcases.LoginPageTest@2e377400]" started-at="2023-04-26T14:30:21Z" name="signUpButtonTest" finished-at="2023-04-26T14:30:22Z" duration-ms="107" status="PASS">
          <reporter-output>
          </reporter-output>
        </test-method> <!-- signUpButtonTest -->
        <test-method is-config="true" signature="tearDown()[pri:0, instance:com.crm.qa.testcases.LoginPageTest@2e377400]" started-at="2023-04-26T14:30:22Z" name="tearDown" finished-at="2023-04-26T14:30:23Z" duration-ms="1549" status="PASS">
          <reporter-output>
          </reporter-output>
        </test-method> <!-- tearDown -->
        <test-method is-config="true" signature="setUp()[pri:0, instance:com.crm.qa.testcases.LoginPageTest@2e377400]" started-at="2023-04-26T14:30:42Z" name="setUp" finished-at="2023-04-26T14:30:50Z" duration-ms="7201" status="PASS">
          <reporter-output>
          </reporter-output>
        </test-method> <!-- setUp -->
        <test-method signature="PriceButtonTest()[pri:5, instance:com.crm.qa.testcases.LoginPageTest@2e377400]" started-at="2023-04-26T14:30:50Z" name="PriceButtonTest" finished-at="2023-04-26T14:30:50Z" duration-ms="85" status="PASS">
          <reporter-output>
          </reporter-output>
        </test-method> <!-- PriceButtonTest -->
        <test-method is-config="true" signature="tearDown()[pri:0, instance:com.crm.qa.testcases.LoginPageTest@2e377400]" started-at="2023-04-26T14:30:50Z" name="tearDown" finished-at="2023-04-26T14:30:51Z" duration-ms="1439" status="PASS">
          <reporter-output>
          </reporter-output>
        </test-method> <!-- tearDown -->
      </class> <!-- com.crm.qa.testcases.LoginPageTest -->
    </test> <!-- Free CRM AppTest Cases -->
  </suite> <!-- FREE CRM APPLICATION TEST AUTOMATION TEST SUITE -->
</testng-results>
